{
"contracts/interfaces/IVault.sol":{"l":{},"path":"/home/fabio/Ibiza/IBZVault/contracts/interfaces/IVault.sol","s":{},"b":{},"f":{},"fnMap":{},"statementMap":{},"branchMap":{}},
"contracts/lib/EIP712Base.sol":{"l":{"23":3,"27":3,"39":0,"43":3,"44":3,"47":3,"58":0},"path":"/home/fabio/Ibiza/IBZVault/contracts/lib/EIP712Base.sol","s":{"1":3,"2":3,"3":0,"4":3,"5":3,"6":0},"b":{},"f":{"1":3,"2":3,"3":0,"4":3,"5":0},"fnMap":{"1":{"name":"_initializeEIP712","line":22,"loc":{"start":{"line":22,"column":4},"end":{"line":24,"column":4}}},"2":{"name":"_setDomainSeperator","line":26,"loc":{"start":{"line":26,"column":4},"end":{"line":36,"column":4}}},"3":{"name":"getDomainSeperator","line":38,"loc":{"start":{"line":38,"column":4},"end":{"line":40,"column":4}}},"4":{"name":"getChainId","line":42,"loc":{"start":{"line":42,"column":4},"end":{"line":48,"column":4}}},"5":{"name":"toTypedMessageHash","line":57,"loc":{"start":{"line":57,"column":4},"end":{"line":59,"column":4}}}},"statementMap":{"1":{"start":{"line":23,"column":8},"end":{"line":23,"column":32}},"2":{"start":{"line":27,"column":8},"end":{"line":27,"column":896}},"3":{"start":{"line":39,"column":8},"end":{"line":39,"column":30}},"4":{"start":{"line":43,"column":8},"end":{"line":43,"column":18}},"5":{"start":{"line":47,"column":8},"end":{"line":47,"column":17}},"6":{"start":{"line":58,"column":8},"end":{"line":58,"column":89}}},"branchMap":{}},
"contracts/lib/Initializable.sol":{"l":{"8":3,"9":3,"10":3},"path":"/home/fabio/Ibiza/IBZVault/contracts/lib/Initializable.sol","s":{"1":3,"2":3},"b":{"1":[3,0]},"f":{"1":3},"fnMap":{"1":{"name":"initializer","line":7,"loc":{"start":{"line":7,"column":4},"end":{"line":11,"column":4}}}},"statementMap":{"1":{"start":{"line":8,"column":8},"end":{"line":8,"column":41}},"2":{"start":{"line":10,"column":8},"end":{"line":10,"column":20}}},"branchMap":{"1":{"line":8,"type":"if","locations":[{"start":{"line":8,"column":8},"end":{"line":8,"column":8}},{"start":{"line":8,"column":8},"end":{"line":8,"column":8}}]}}},
"contracts/lib/NativeMetaTransaction.sol":{"l":{"33":0,"36":0,"39":0,"41":0,"44":0,"45":0,"47":0,"51":0,"58":0,"66":0,"67":0,"71":10,"72":0,"73":0,"74":0,"79":10,"81":10},"path":"/home/fabio/Ibiza/IBZVault/contracts/lib/NativeMetaTransaction.sol","s":{"1":0,"2":0,"3":0,"4":0,"5":0,"6":0,"7":0,"8":0,"9":0,"10":0,"11":0,"12":10,"13":0,"14":0,"15":10,"16":10},"b":{"1":[0,0],"2":[0,0],"3":[0,0],"4":[0,10]},"f":{"1":0,"2":0,"3":0,"4":0,"5":10},"fnMap":{"1":{"name":"executeMetaTransaction","line":28,"loc":{"start":{"line":28,"column":4},"end":{"line":48,"column":4}}},"2":{"name":"hashMetaTransaction","line":50,"loc":{"start":{"line":50,"column":4},"end":{"line":55,"column":4}}},"3":{"name":"getNonce","line":57,"loc":{"start":{"line":57,"column":4},"end":{"line":59,"column":4}}},"4":{"name":"verify","line":61,"loc":{"start":{"line":61,"column":4},"end":{"line":68,"column":4}}},"5":{"name":"_msgSender","line":70,"loc":{"start":{"line":70,"column":4},"end":{"line":82,"column":4}}}},"statementMap":{"1":{"start":{"line":33,"column":8},"end":{"line":33,"column":1217}},"2":{"start":{"line":36,"column":8},"end":{"line":36,"column":98}},"3":{"start":{"line":39,"column":8},"end":{"line":39,"column":55}},"4":{"start":{"line":41,"column":8},"end":{"line":41,"column":80}},"5":{"start":{"line":44,"column":8},"end":{"line":44,"column":118}},"6":{"start":{"line":45,"column":8},"end":{"line":45,"column":55}},"7":{"start":{"line":47,"column":8},"end":{"line":47,"column":25}},"8":{"start":{"line":51,"column":8},"end":{"line":51,"column":1977}},"9":{"start":{"line":58,"column":8},"end":{"line":58,"column":27}},"10":{"start":{"line":66,"column":8},"end":{"line":66,"column":77}},"11":{"start":{"line":67,"column":8},"end":{"line":67,"column":101}},"12":{"start":{"line":71,"column":8},"end":{"line":71,"column":2712}},"13":{"start":{"line":72,"column":12},"end":{"line":72,"column":41}},"14":{"start":{"line":73,"column":12},"end":{"line":73,"column":43}},"15":{"start":{"line":79,"column":12},"end":{"line":79,"column":30}},"16":{"start":{"line":81,"column":8},"end":{"line":81,"column":21}}},"branchMap":{"1":{"line":36,"type":"if","locations":[{"start":{"line":36,"column":8},"end":{"line":36,"column":8}},{"start":{"line":36,"column":8},"end":{"line":36,"column":8}}]},"2":{"line":45,"type":"if","locations":[{"start":{"line":45,"column":8},"end":{"line":45,"column":8}},{"start":{"line":45,"column":8},"end":{"line":45,"column":8}}]},"3":{"line":66,"type":"if","locations":[{"start":{"line":66,"column":8},"end":{"line":66,"column":8}},{"start":{"line":66,"column":8},"end":{"line":66,"column":8}}]},"4":{"line":71,"type":"if","locations":[{"start":{"line":71,"column":8},"end":{"line":71,"column":8}},{"start":{"line":71,"column":8},"end":{"line":71,"column":8}}]}}},
"contracts/mocks/TestERC.sol":{"l":{"12":3},"path":"/home/fabio/Ibiza/IBZVault/contracts/mocks/TestERC.sol","s":{"1":3},"b":{},"f":{"1":3},"fnMap":{"1":{"name":"constructor","line":11,"loc":{"start":{"line":11,"column":4},"end":{"line":13,"column":4}}}},"statementMap":{"1":{"start":{"line":12,"column":8},"end":{"line":12,"column":49}}},"branchMap":{}},
"contracts/Vault.sol":{"l":{"52":3,"53":3,"54":3,"55":3,"56":3,"61":0,"65":0,"69":0,"73":5,"77":0,"78":0,"80":0,"81":0,"82":0,"86":0,"87":0,"88":0,"90":0,"95":2,"96":2,"98":2,"99":2,"100":2,"102":2,"104":2,"105":2,"107":2,"109":2,"113":3,"114":2,"115":2,"116":2,"117":3,"118":3,"122":3,"123":3,"125":3,"126":2,"129":3,"130":3,"131":3,"134":3,"135":3,"136":3,"138":2,"139":2},"path":"/home/fabio/Ibiza/IBZVault/contracts/Vault.sol","s":{"1":3,"2":3,"3":3,"4":3,"5":3,"6":0,"7":0,"8":0,"9":5,"10":0,"11":0,"12":0,"13":0,"14":0,"15":0,"16":0,"17":0,"18":0,"19":2,"20":2,"21":2,"22":2,"23":2,"24":2,"25":2,"26":2,"27":2,"28":2,"29":3,"30":2,"31":2,"32":2,"33":3,"34":3,"35":3,"36":3,"37":3,"38":2,"39":3,"40":3,"41":3,"42":3,"43":3,"44":3,"45":2,"46":2},"b":{"1":[0,0],"2":[2,0],"3":[2,0],"4":[2,1],"5":[0,3],"6":[2,1]},"f":{"1":3,"2":0,"3":0,"4":0,"5":5,"6":0,"7":2,"8":3},"fnMap":{"1":{"name":"constructor","line":48,"loc":{"start":{"line":48,"column":4},"end":{"line":57,"column":4}}},"2":{"name":"totalSupply","line":60,"loc":{"start":{"line":60,"column":4},"end":{"line":62,"column":4}}},"3":{"name":"totalDeposits","line":64,"loc":{"start":{"line":64,"column":4},"end":{"line":66,"column":4}}},"4":{"name":"balanceOf","line":68,"loc":{"start":{"line":68,"column":4},"end":{"line":70,"column":4}}},"5":{"name":"getUserVaultInfo","line":72,"loc":{"start":{"line":72,"column":4},"end":{"line":74,"column":4}}},"6":{"name":"earned","line":76,"loc":{"start":{"line":76,"column":4},"end":{"line":91,"column":4}}},"7":{"name":"stake","line":94,"loc":{"start":{"line":94,"column":4},"end":{"line":110,"column":4}}},"8":{"name":"claim","line":112,"loc":{"start":{"line":112,"column":4},"end":{"line":141,"column":4}}}},"statementMap":{"1":{"start":{"line":52,"column":8},"end":{"line":52,"column":39}},"2":{"start":{"line":53,"column":8},"end":{"line":53,"column":44}},"3":{"start":{"line":54,"column":8},"end":{"line":54,"column":44}},"4":{"start":{"line":55,"column":8},"end":{"line":55,"column":49}},"5":{"start":{"line":56,"column":8},"end":{"line":56,"column":35}},"6":{"start":{"line":61,"column":8},"end":{"line":61,"column":27}},"7":{"start":{"line":65,"column":8},"end":{"line":65,"column":28}},"8":{"start":{"line":69,"column":8},"end":{"line":69,"column":33}},"9":{"start":{"line":73,"column":8},"end":{"line":73,"column":33}},"10":{"start":{"line":77,"column":8},"end":{"line":77,"column":61}},"11":{"start":{"line":78,"column":8},"end":{"line":78,"column":35}},"12":{"start":{"line":80,"column":8},"end":{"line":80,"column":2446}},"13":{"start":{"line":81,"column":12},"end":{"line":81,"column":83}},"14":{"start":{"line":82,"column":12},"end":{"line":82,"column":2625}},"15":{"start":{"line":86,"column":12},"end":{"line":86,"column":86}},"16":{"start":{"line":87,"column":12},"end":{"line":87,"column":103}},"17":{"start":{"line":88,"column":12},"end":{"line":88,"column":91}},"18":{"start":{"line":90,"column":8},"end":{"line":90,"column":30}},"19":{"start":{"line":95,"column":8},"end":{"line":95,"column":44}},"20":{"start":{"line":96,"column":8},"end":{"line":96,"column":93}},"21":{"start":{"line":98,"column":8},"end":{"line":98,"column":46}},"22":{"start":{"line":99,"column":8},"end":{"line":99,"column":48}},"23":{"start":{"line":100,"column":8},"end":{"line":100,"column":68}},"24":{"start":{"line":102,"column":8},"end":{"line":102,"column":71}},"25":{"start":{"line":104,"column":8},"end":{"line":104,"column":67}},"26":{"start":{"line":105,"column":8},"end":{"line":105,"column":3803}},"27":{"start":{"line":107,"column":8},"end":{"line":107,"column":44}},"28":{"start":{"line":109,"column":8},"end":{"line":109,"column":41}},"29":{"start":{"line":113,"column":8},"end":{"line":113,"column":4008}},"30":{"start":{"line":114,"column":12},"end":{"line":114,"column":69}},"31":{"start":{"line":115,"column":12},"end":{"line":115,"column":39}},"32":{"start":{"line":116,"column":12},"end":{"line":116,"column":4169}},"33":{"start":{"line":117,"column":16},"end":{"line":117,"column":87}},"34":{"start":{"line":118,"column":16},"end":{"line":118,"column":4356}},"35":{"start":{"line":122,"column":16},"end":{"line":122,"column":90}},"36":{"start":{"line":123,"column":16},"end":{"line":123,"column":107}},"37":{"start":{"line":125,"column":16},"end":{"line":125,"column":4748}},"38":{"start":{"line":126,"column":20},"end":{"line":126,"column":95}},"39":{"start":{"line":129,"column":16},"end":{"line":129,"column":95}},"40":{"start":{"line":130,"column":16},"end":{"line":130,"column":98}},"41":{"start":{"line":131,"column":16},"end":{"line":131,"column":5137}},"42":{"start":{"line":134,"column":16},"end":{"line":134,"column":62}},"43":{"start":{"line":135,"column":16},"end":{"line":135,"column":80}},"44":{"start":{"line":136,"column":16},"end":{"line":136,"column":57}},"45":{"start":{"line":138,"column":12},"end":{"line":138,"column":63}},"46":{"start":{"line":139,"column":12},"end":{"line":139,"column":53}}},"branchMap":{"1":{"line":81,"type":"if","locations":[{"start":{"line":81,"column":12},"end":{"line":81,"column":12}},{"start":{"line":81,"column":12},"end":{"line":81,"column":12}}]},"2":{"line":95,"type":"if","locations":[{"start":{"line":95,"column":8},"end":{"line":95,"column":8}},{"start":{"line":95,"column":8},"end":{"line":95,"column":8}}]},"3":{"line":96,"type":"if","locations":[{"start":{"line":96,"column":8},"end":{"line":96,"column":8}},{"start":{"line":96,"column":8},"end":{"line":96,"column":8}}]},"4":{"line":113,"type":"if","locations":[{"start":{"line":113,"column":8},"end":{"line":113,"column":8}},{"start":{"line":113,"column":8},"end":{"line":113,"column":8}}]},"5":{"line":117,"type":"if","locations":[{"start":{"line":117,"column":16},"end":{"line":117,"column":16}},{"start":{"line":117,"column":16},"end":{"line":117,"column":16}}]},"6":{"line":125,"type":"if","locations":[{"start":{"line":125,"column":16},"end":{"line":125,"column":16}},{"start":{"line":125,"column":16},"end":{"line":125,"column":16}}]}}}}
