TN:
SF:/home/fabio/Ibiza/IBZVault/contracts/interfaces/IVault.sol
FNF:0
FNH:0
LF:0
LH:0
BRF:0
BRH:0
end_of_record
TN:
SF:/home/fabio/Ibiza/IBZVault/contracts/lib/EIP712Base.sol
FN:22,_initializeEIP712
FN:26,_setDomainSeperator
FN:38,getDomainSeperator
FN:42,getChainId
FN:57,toTypedMessageHash
FNF:5
FNH:3
FNDA:3,_initializeEIP712
FNDA:3,_setDomainSeperator
FNDA:0,getDomainSeperator
FNDA:3,getChainId
FNDA:0,toTypedMessageHash
DA:23,3
DA:27,3
DA:39,0
DA:43,3
DA:44,3
DA:47,3
DA:58,0
LF:7
LH:5
BRF:0
BRH:0
end_of_record
TN:
SF:/home/fabio/Ibiza/IBZVault/contracts/lib/Initializable.sol
FN:7,initializer
FNF:1
FNH:1
FNDA:3,initializer
DA:8,3
DA:9,3
DA:10,3
LF:3
LH:3
BRDA:8,1,0,3
BRDA:8,1,1,0
BRF:2
BRH:1
end_of_record
TN:
SF:/home/fabio/Ibiza/IBZVault/contracts/lib/NativeMetaTransaction.sol
FN:28,executeMetaTransaction
FN:50,hashMetaTransaction
FN:57,getNonce
FN:61,verify
FN:70,_msgSender
FNF:5
FNH:1
FNDA:0,executeMetaTransaction
FNDA:0,hashMetaTransaction
FNDA:0,getNonce
FNDA:0,verify
FNDA:10,_msgSender
DA:33,0
DA:36,0
DA:39,0
DA:41,0
DA:44,0
DA:45,0
DA:47,0
DA:51,0
DA:58,0
DA:66,0
DA:67,0
DA:71,10
DA:72,0
DA:73,0
DA:74,0
DA:79,10
DA:81,10
LF:17
LH:3
BRDA:36,1,0,0
BRDA:36,1,1,0
BRDA:45,2,0,0
BRDA:45,2,1,0
BRDA:66,3,0,0
BRDA:66,3,1,0
BRDA:71,4,0,0
BRDA:71,4,1,10
BRF:8
BRH:1
end_of_record
TN:
SF:/home/fabio/Ibiza/IBZVault/contracts/mocks/TestERC.sol
FN:11,constructor
FNF:1
FNH:1
FNDA:3,constructor
DA:12,3
LF:1
LH:1
BRF:0
BRH:0
end_of_record
TN:
SF:/home/fabio/Ibiza/IBZVault/contracts/Vault.sol
FN:48,constructor
FN:60,totalSupply
FN:64,totalDeposits
FN:68,balanceOf
FN:72,getUserVaultInfo
FN:76,earned
FN:94,stake
FN:112,claim
FNF:8
FNH:4
FNDA:3,constructor
FNDA:0,totalSupply
FNDA:0,totalDeposits
FNDA:0,balanceOf
FNDA:5,getUserVaultInfo
FNDA:0,earned
FNDA:2,stake
FNDA:3,claim
DA:52,3
DA:53,3
DA:54,3
DA:55,3
DA:56,3
DA:61,0
DA:65,0
DA:69,0
DA:73,5
DA:77,0
DA:78,0
DA:80,0
DA:81,0
DA:82,0
DA:86,0
DA:87,0
DA:88,0
DA:90,0
DA:95,2
DA:96,2
DA:98,2
DA:99,2
DA:100,2
DA:102,2
DA:104,2
DA:105,2
DA:107,2
DA:109,2
DA:113,3
DA:114,2
DA:115,2
DA:116,2
DA:117,3
DA:118,3
DA:122,3
DA:123,3
DA:125,3
DA:126,2
DA:129,3
DA:130,3
DA:131,3
DA:134,3
DA:135,3
DA:136,3
DA:138,2
DA:139,2
LF:46
LH:34
BRDA:81,1,0,0
BRDA:81,1,1,0
BRDA:95,2,0,2
BRDA:95,2,1,0
BRDA:96,3,0,2
BRDA:96,3,1,0
BRDA:113,4,0,2
BRDA:113,4,1,1
BRDA:117,5,0,0
BRDA:117,5,1,3
BRDA:125,6,0,2
BRDA:125,6,1,1
BRF:12
BRH:7
end_of_record
